app/build/intermediates/manifest_merge_blame_file/debug/manifest-merger-blame-debug-report.txt
1<?xml version="1.0" encoding="utf-8"?>
2<manifest xmlns:android="http://schemas.android.com/apk/res/android"
3    package="com.example.gproj"
4    android:versionCode="1"
5    android:versionName="1.0" >
6
7    <uses-sdk
8        android:minSdkVersion="19"
8-->src\main\AndroidManifest.xml
9        android:targetSdkVersion="28" />
9-->src\main\AndroidManifest.xml
10
11    <application
11-->src\main\AndroidManifest.xml:5:5-28:19
12        android:allowBackup="true"
12-->src\main\AndroidManifest.xml:6:9-35
13        android:appComponentFactory="androidx.core.app.CoreComponentFactory"
13-->[androidx.core:core:1.0.1] AndroidManifest.xml:22:18-86
14        android:debuggable="true"
15        android:icon="@mipmap/ic_launcher"
15-->src\main\AndroidManifest.xml:7:9-43
16        android:label="@string/app_name"
16-->src\main\AndroidManifest.xml:8:9-41
17        android:roundIcon="@mipmap/ic_launcher_round"
17-->src\main\AndroidManifest.xml:9:9-54
18        android:supportsRtl="true"
18-->src\main\AndroidManifest.xml:10:9-35
19        android:theme="@style/AppTheme" >
19-->src\main\AndroidManifest.xml:11:9-40
20        <activity android:name="com.example.gproj.Main10Activity" />
20-->src\main\AndroidManifest.xml:12:9-61
20-->src\main\AndroidManifest.xml:12:19-49
21        <activity android:name="com.example.gproj.Main9Activity" />
21-->src\main\AndroidManifest.xml:13:9-51
21-->src\main\AndroidManifest.xml:13:19-48
22        <activity android:name="com.example.gproj.Main8Activity" />
22-->src\main\AndroidManifest.xml:14:9-51
22-->src\main\AndroidManifest.xml:14:19-48
23        <activity android:name="com.example.gproj.Main7Activity" />
23-->src\main\AndroidManifest.xml:15:9-51
23-->src\main\AndroidManifest.xml:15:19-48
24        <activity android:name="com.example.gproj.Main6Activity" />
24-->src\main\AndroidManifest.xml:16:9-51
24-->src\main\AndroidManifest.xml:16:19-48
25        <activity android:name="com.example.gproj.Main5Activity" />
25-->src\main\AndroidManifest.xml:17:9-51
25-->src\main\AndroidManifest.xml:17:19-48
26        <activity android:name="com.example.gproj.Main4Activity" />
26-->src\main\AndroidManifest.xml:18:9-51
26-->src\main\AndroidManifest.xml:18:19-48
27        <activity android:name="com.example.gproj.Main3Activity" />
27-->src\main\AndroidManifest.xml:19:9-51
27-->src\main\AndroidManifest.xml:19:19-48
28        <activity android:name="com.example.gproj.Main2Activity" />
28-->src\main\AndroidManifest.xml:20:9-51
28-->src\main\AndroidManifest.xml:20:19-48
29        <activity android:name="com.example.gproj.MainActivity" >
29-->src\main\AndroidManifest.xml:21:9-27:20
29-->src\main\AndroidManifest.xml:21:19-47
30            <intent-filter>
30-->src\main\AndroidManifest.xml:22:13-26:29
31                <action android:name="android.intent.action.MAIN" />
31-->src\main\AndroidManifest.xml:23:17-69
31-->src\main\AndroidManifest.xml:23:25-66
32
33                <category android:name="android.intent.category.LAUNCHER" />
33-->src\main\AndroidManifest.xml:25:17-77
33-->src\main\AndroidManifest.xml:25:27-74
34            </intent-filter>
35        </activity>
36    </application>
37
38</manifest>